#
# There is insufficient memory for the Java Runtime Environment to continue.
# Native memory allocation (malloc) failed to allocate 32744 bytes for ChunkPool::allocate
# Possible reasons:
#   The system is out of physical RAM or swap space
#   In 32 bit mode, the process size limit was hit
# Possible solutions:
#   Reduce memory load on the system
#   Increase physical memory or swap space
#   Check if swap backing store is full
#   Use 64 bit Java on a 64 bit OS
#   Decrease Java heap size (-Xmx/-Xms)
#   Decrease number of Java threads
#   Decrease Java thread stack sizes (-Xss)
#   Set larger code cache with -XX:ReservedCodeCacheSize=
# This output file may be truncated or incomplete.
#
#  Out of Memory Error (allocation.cpp:273), pid=5096, tid=0x0000000000003a98
#
# JRE version: OpenJDK Runtime Environment (8.0_76-b03) (build 1.8.0_76-release-b03)
# Java VM: OpenJDK 64-Bit Server VM (25.76-b03 mixed mode windows-amd64 compressed oops)
# Failed to write core dump. Minidumps are not enabled by default on client versions of Windows
#

---------------  T H R E A D  ---------------

Current thread (0x0000000014c7b800):  JavaThread "C2 CompilerThread0" daemon [_thread_in_native, id=15000, stack(0x00000000165e0000,0x00000000166e0000)]

Stack: [0x00000000165e0000,0x00000000166e0000]
[error occurred during error reporting (printing stack bounds), id 0xc0000005]

Native frames: (J=compiled Java code, j=interpreted, Vv=VM code, C=native code)


Current CompileTask:
C2:   4682 1339       4       com.android.dx.rop.code.LocalVariableExtractor::processBlock (327 bytes)


---------------  P R O C E S S  ---------------

Java Threads: ( => current thread )
  0x0000000016038800 JavaThread "Service Thread" daemon [_thread_blocked, id=6432, stack(0x00000000168e0000,0x00000000169e0000)]
  0x0000000016035000 JavaThread "C1 CompilerThread2" daemon [_thread_blocked, id=14036, stack(0x00000000167e0000,0x00000000168e0000)]
  0x0000000016032000 JavaThread "C2 CompilerThread1" daemon [_thread_in_native, id=15896, stack(0x00000000166e0000,0x00000000167e0000)]
=>0x0000000014c7b800 JavaThread "C2 CompilerThread0" daemon [_thread_in_native, id=15000, stack(0x00000000165e0000,0x00000000166e0000)]
  0x0000000014c65000 JavaThread "Attach Listener" daemon [_thread_blocked, id=5040, stack(0x00000000164e0000,0x00000000165e0000)]
  0x0000000015fe8800 JavaThread "Signal Dispatcher" daemon [_thread_blocked, id=15892, stack(0x00000000163e0000,0x00000000164e0000)]
  0x0000000014c58000 JavaThread "Finalizer" daemon [_thread_blocked, id=8704, stack(0x0000000015ee0000,0x0000000015fe0000)]
  0x000000000258f000 JavaThread "Reference Handler" daemon [_thread_blocked, id=15544, stack(0x0000000015de0000,0x0000000015ee0000)]
  0x00000000024a0800 JavaThread "main" [_thread_in_Java, id=10724, stack(0x0000000000790000,0x0000000000890000)]

Other Threads:
  0x0000000014c35000 VMThread [stack: 0x0000000015ce0000,0x0000000015de0000] [id=12664]
  0x0000000016039800 WatcherThread [stack: 0x00000000169e0000,0x0000000016ae0000] [id=3628]

VM state:not at safepoint (normal execution)

VM Mutex/Monitor currently owned by a thread: None

Heap:
 PSYoungGen      total 38400K, used 14697K [0x00000000eab00000, 0x00000000ed580000, 0x0000000100000000)
  eden space 33280K, 28% used [0x00000000eab00000,0x00000000eb4617c8,0x00000000ecb80000)
  from space 5120K, 99% used [0x00000000ecb80000,0x00000000ed078c58,0x00000000ed080000)
  to   space 5120K, 0% used [0x00000000ed080000,0x00000000ed080000,0x00000000ed580000)
 ParOldGen       total 87552K, used 1335K [0x00000000c0000000, 0x00000000c5580000, 0x00000000eab00000)
  object space 87552K, 1% used [0x00000000c0000000,0x00000000c014dc18,0x00000000c5580000)
 Metaspace       used 5821K, capacity 6960K, committed 7040K, reserved 1056768K
  class space    used 559K, capacity 616K, committed 640K, reserved 1048576K

Card table byte_map: [0x0000000011960000,0x0000000011b70000] byte_map_base: 0x0000000011360000

Marking Bits: (ParMarkBitMap*) 0x0000000068559d00
 Begin Bits: [0x00000000120d0000, 0x00000000130d0000)
 End Bits:   [0x00000000130d0000, 0x00000000140d0000)

Polling page: 0x0000000000520000

CodeCache: size=245760Kb used=6105Kb max_used=6105Kb free=239654Kb
 bounds [0x00000000025a0000, 0x0000000002ba0000, 0x00000000115a0000]
 total_blobs=1657 nmethods=1391 adapters=180
 compilation: enabled

Compilation events (10 events):
Event: 4.509 Thread 0x0000000016035000 1391       3       com.android.dx.rop.cst.CstLiteralBits::<init> (5 bytes)
Event: 4.509 Thread 0x0000000016035000 nmethod 1391 0x0000000002b8ab10 code [0x0000000002b8ac80, 0x0000000002b8aef0]
Event: 4.509 Thread 0x0000000016035000 1392       3       com.android.dx.dex.file.IndexedItem::<init> (10 bytes)
Event: 4.509 Thread 0x0000000016035000 nmethod 1392 0x0000000002b8a690 code [0x0000000002b8a800, 0x0000000002b8aa10]
Event: 4.515 Thread 0x0000000016035000 1394       3       com.android.dx.cf.code.Ropper::addReturnBlock (228 bytes)
Event: 4.518 Thread 0x0000000016035000 nmethod 1394 0x0000000002b8e110 code [0x0000000002b8e620, 0x0000000002b91e08]
Event: 4.518 Thread 0x0000000016035000 1396       3       com.android.dx.rop.code.RegisterSpec::withLocalItem (41 bytes)
Event: 4.519 Thread 0x0000000016035000 nmethod 1396 0x0000000002b89e90 code [0x0000000002b8a020, 0x0000000002b8a518]
Event: 4.519 Thread 0x0000000016035000 1395       3       com.android.dx.cf.code.Ropper::addSynchExceptionHandlerBlock (206 bytes)
Event: 4.522 Thread 0x0000000016035000 nmethod 1395 0x0000000002b94a10 code [0x0000000002b94fa0, 0x0000000002b98c78]

GC Heap History (2 events):
Event: 4.139 GC heap before
{Heap before GC invocations=1 (full 0):
 PSYoungGen      total 38400K, used 33280K [0x00000000eab00000, 0x00000000ed580000, 0x0000000100000000)
  eden space 33280K, 100% used [0x00000000eab00000,0x00000000ecb80000,0x00000000ecb80000)
  from space 5120K, 0% used [0x00000000ed080000,0x00000000ed080000,0x00000000ed580000)
  to   space 5120K, 0% used [0x00000000ecb80000,0x00000000ecb80000,0x00000000ed080000)
 ParOldGen       total 87552K, used 0K [0x00000000c0000000, 0x00000000c5580000, 0x00000000eab00000)
  object space 87552K, 0% used [0x00000000c0000000,0x00000000c0000000,0x00000000c5580000)
 Metaspace       used 5657K, capacity 6896K, committed 7040K, reserved 1056768K
  class space    used 538K, capacity 616K, committed 640K, reserved 1048576K
Event: 4.171 GC heap after
Heap after GC invocations=1 (full 0):
 PSYoungGen      total 38400K, used 5091K [0x00000000eab00000, 0x00000000ed580000, 0x0000000100000000)
  eden space 33280K, 0% used [0x00000000eab00000,0x00000000eab00000,0x00000000ecb80000)
  from space 5120K, 99% used [0x00000000ecb80000,0x00000000ed078c58,0x00000000ed080000)
  to   space 5120K, 0% used [0x00000000ed080000,0x00000000ed080000,0x00000000ed580000)
 ParOldGen       total 87552K, used 1335K [0x00000000c0000000, 0x00000000c5580000, 0x00000000eab00000)
  object space 87552K, 1% used [0x00000000c0000000,0x00000000c014dc18,0x00000000c5580000)
 Metaspace       used 5657K, capacity 6896K, committed 7040K, reserved 1056768K
  class space    used 538K, capacity 616K, committed 640K, reserved 1048576K
}

Deoptimization events (10 events):
Event: 3.787 Thread 0x00000000024a0800 Uncommon trap: reason=bimorphic action=maybe_recompile pc=0x00000000027d1838 method=java.util.HashMap.getNode(ILjava/lang/Object;)Ljava/util/HashMap$Node; @ 126
Event: 3.891 Thread 0x00000000024a0800 Uncommon trap: reason=unstable_if action=reinterpret pc=0x0000000002a93af4 method=com.android.dx.ssa.SCCP.simulateBranch(Lcom/android/dx/ssa/SsaInsn;)V @ 329
Event: 3.892 Thread 0x00000000024a0800 Uncommon trap: reason=bimorphic action=maybe_recompile pc=0x0000000002804fa0 method=java.util.HashMap.getNode(ILjava/lang/Object;)Ljava/util/HashMap$Node; @ 126
Event: 3.892 Thread 0x00000000024a0800 Uncommon trap: reason=bimorphic action=maybe_recompile pc=0x0000000002804fa0 method=java.util.HashMap.getNode(ILjava/lang/Object;)Ljava/util/HashMap$Node; @ 126
Event: 3.892 Thread 0x00000000024a0800 Uncommon trap: reason=bimorphic action=maybe_recompile pc=0x00000000027d1838 method=java.util.HashMap.getNode(ILjava/lang/Object;)Ljava/util/HashMap$Node; @ 126
Event: 3.892 Thread 0x00000000024a0800 Uncommon trap: reason=bimorphic action=maybe_recompile pc=0x0000000002804fa0 method=java.util.HashMap.getNode(ILjava/lang/Object;)Ljava/util/HashMap$Node; @ 126
Event: 4.109 Thread 0x00000000024a0800 Uncommon trap: reason=unstable_if action=reinterpret pc=0x0000000002a993ac method=com.android.dx.ssa.LiteralOpUpgrader$1.visitNonMoveInsn(Lcom/android/dx/ssa/NormalSsaInsn;)V @ 176
Event: 4.277 Thread 0x00000000024a0800 Uncommon trap: reason=unstable_if action=reinterpret pc=0x00000000028e1258 method=java.util.HashMap.putVal(ILjava/lang/Object;Ljava/lang/Object;ZZ)Ljava/lang/Object; @ 162
Event: 4.289 Thread 0x00000000024a0800 Uncommon trap: reason=bimorphic action=maybe_recompile pc=0x0000000002ae072c method=com.android.dx.ssa.SCCP.setLatticeValueTo(IILcom/android/dx/rop/cst/Constant;)Z @ 43
Event: 4.503 Thread 0x00000000024a0800 Uncommon trap: reason=bimorphic action=maybe_recompile pc=0x0000000002ae072c method=com.android.dx.ssa.SCCP.setLatticeValueTo(IILcom/android/dx/rop/cst/Constant;)Z @ 43

Internal exceptions (6 events):
Event: 0.522 Thread 0x00000000024a0800 Exception <a 'java/lang/NoSuchMethodError': Method sun.misc.Unsafe.defineClass(Ljava/lang/String;[BII)Ljava/lang/Class; name or signature does not match> (0x00000000eab07cc0) thrown at [C:\src\android\AOSP-openjdk\external\jetbrains\jdk\hotspot\src\share\v…juÂ¥‡?
Event: 0.522 Thread 0x00000000024a0800 Exception <a 'java/lang/NoSuchMethodError': Method sun.misc.Unsafe.prefetchRead(Ljava/lang/Object;J)V name or signature does not match> (0x00000000eab07fa8) thrown at [C:\src\android\AOSP-openjdk\external\jetbrains\jdk\hotspot\src\share\vm\prims\jni.cpp, l<˜è‘à@
Event: 2.942 Thread 0x00000000024a0800 Implicit null exception at 0x00000000028ca1e2 to 0x00000000028ca2da
Event: 4.279 Thread 0x00000000024a0800 Exception <a 'java/lang/ArrayIndexOutOfBoundsException': 18> (0x00000000eb0470d8) thrown at [C:\src\android\AOSP-openjdk\external\jetbrains\jdk\hotspot\src\share\vm\interpreter\interpreterRuntime.cpp, line 366]
Event: 4.280 Thread 0x00000000024a0800 Exception <a 'java/lang/ArrayIndexOutOfBoundsException': 145> (0x00000000eb048c58) thrown at [C:\src\android\AOSP-openjdk\external\jetbrains\jdk\hotspot\src\share\vm\interpreter\interpreterRuntime.cpp, line 366]
Event: 4.280 Thread 0x00000000024a0800 Exception <a 'java/lang/ArrayIndexOutOfBoundsException'> (0x00000000eb049f40) thrown at [C:\src\android\AOSP-openjdk\external\jetbrains\jdk\hotspot\src\share\vm\runtime\sharedRuntime.cpp, line 605]

Events (10 events):
Event: 4.280 loading class sun/reflect/generics/reflectiveObjects/TypeVariableImpl
Event: 4.281 loading class sun/reflect/generics/reflectiveObjects/LazyReflectiveObjectGenerator
Event: 4.281 loading class sun/reflect/generics/reflectiveObjects/LazyReflectiveObjectGenerator done
Event: 4.281 loading class sun/reflect/generics/reflectiveObjects/TypeVariableImpl done
Event: 4.289 Thread 0x00000000024a0800 Uncommon trap: trap_request=0xffffffc6 fr.pc=0x0000000002ae072c
Event: 4.289 Thread 0x00000000024a0800 DEOPT PACKING pc=0x0000000002ae072c sp=0x000000000088e6c0
Event: 4.289 Thread 0x00000000024a0800 DEOPT UNPACKING pc=0x00000000025e556a sp=0x000000000088e608 mode 2
Event: 4.503 Thread 0x00000000024a0800 Uncommon trap: trap_request=0xffffffc6 fr.pc=0x0000000002ae072c
Event: 4.503 Thread 0x00000000024a0800 DEOPT PACKING pc=0x0000000002ae072c sp=0x000000000088e6c0
Event: 4.503 Thread 0x00000000024a0800 DEOPT UNPACKING pc=0x00000000025e556a sp=0x000000000088e608 mode 2


Dynamic libraries:
0x00007ff7920a0000 - 0x00007ff7920d1000 	D:\Android\AndroidStudio\jre\bin\java.exe
0x00007ffbf7ff0000 - 0x00007ffbf81b1000 	C:\WINDOWS\SYSTEM32\ntdll.dll
0x00007ffbf6190000 - 0x00007ffbf623d000 	C:\WINDOWS\system32\KERNEL32.DLL
0x00007ffbf4700000 - 0x00007ffbf48e8000 	C:\WINDOWS\system32\KERNELBASE.dll
0x00007ffbf5d60000 - 0x00007ffbf5e07000 	C:\WINDOWS\system32\ADVAPI32.dll
0x00007ffbf5870000 - 0x00007ffbf590d000 	C:\WINDOWS\system32\msvcrt.dll
0x00007ffbf6240000 - 0x00007ffbf629b000 	C:\WINDOWS\system32\sechost.dll
0x00007ffbf6070000 - 0x00007ffbf618c000 	C:\WINDOWS\system32\RPCRT4.dll
0x00007ffbf66d0000 - 0x00007ffbf6826000 	C:\WINDOWS\system32\USER32.dll
0x00007ffbf53f0000 - 0x00007ffbf5576000 	C:\WINDOWS\system32\GDI32.dll
0x00007ffbf0280000 - 0x00007ffbf04f4000 	C:\WINDOWS\WinSxS\amd64_microsoft.windows.common-controls_6595b64144ccf1df_6.0.10586.0_none_8c15ae12515e1c22\COMCTL32.dll
0x00007ffbf5980000 - 0x00007ffbf5bfd000 	C:\WINDOWS\system32\combase.dll
0x00007ffbf52d0000 - 0x00007ffbf533a000 	C:\WINDOWS\system32\bcryptPrimitives.dll
0x00007ffbf5f20000 - 0x00007ffbf5f5b000 	C:\WINDOWS\system32\IMM32.DLL
0x0000000068bb0000 - 0x0000000068c82000 	D:\Android\AndroidStudio\jre\jre\bin\msvcr100.dll
0x0000000067da0000 - 0x00000000685d4000 	D:\Android\AndroidStudio\jre\jre\bin\server\jvm.dll
0x00007ffbf6830000 - 0x00007ffbf6838000 	C:\WINDOWS\system32\PSAPI.DLL
0x00007ffbe6490000 - 0x00007ffbe6499000 	C:\WINDOWS\SYSTEM32\WSOCK32.dll
0x00007ffbf7e30000 - 0x00007ffbf7e9b000 	C:\WINDOWS\system32\WS2_32.dll
0x00007ffbf24c0000 - 0x00007ffbf24e3000 	C:\WINDOWS\SYSTEM32\WINMM.dll
0x00007ffbf06a0000 - 0x00007ffbf06aa000 	C:\WINDOWS\SYSTEM32\VERSION.dll
0x00007ffbf2460000 - 0x00007ffbf248c000 	C:\WINDOWS\SYSTEM32\WINMMBASE.dll
0x00007ffbf48f0000 - 0x00007ffbf4933000 	C:\WINDOWS\system32\cfgmgr32.dll
0x00007ffbe6140000 - 0x00007ffbe614f000 	D:\Android\AndroidStudio\jre\jre\bin\verify.dll
0x00007ffbe4fc0000 - 0x00007ffbe4fe9000 	D:\Android\AndroidStudio\jre\jre\bin\java.dll
0x00007ffbe5710000 - 0x00007ffbe5726000 	D:\Android\AndroidStudio\jre\jre\bin\zip.dll
0x00007ffbf6840000 - 0x00007ffbf7d9f000 	C:\WINDOWS\system32\SHELL32.dll
0x00007ffbf4940000 - 0x00007ffbf4f84000 	C:\WINDOWS\system32\windows.storage.dll
0x00007ffbf5e10000 - 0x00007ffbf5e62000 	C:\WINDOWS\system32\shlwapi.dll
0x00007ffbf4690000 - 0x00007ffbf469f000 	C:\WINDOWS\system32\kernel.appcore.dll
0x00007ffbf5210000 - 0x00007ffbf52c5000 	C:\WINDOWS\system32\shcore.dll
0x00007ffbf4610000 - 0x00007ffbf465b000 	C:\WINDOWS\system32\powrprof.dll
0x00007ffbf4660000 - 0x00007ffbf4674000 	C:\WINDOWS\system32\profapi.dll

VM Arguments:
jvm_args: -Djava.awt.headless=true -Xmx1024M -Dfile.encoding=GBK -Duser.country=CN -Duser.language=zh -Duser.variant 
java_command: com.android.dx.command.Main --dex --force-jumbo --output E:\android\workspace\AndroidStudio\BaiMuCai\app\build\intermediates\pre-dexed\debug\okio-1.11.0_54b9920b531925c74e7ee612e92ad37aee582ce8.jar C:\Users\wj\.gradle\caches\modules-2\files-2.1\com.squareup.okio\okio\1.11.0\840897fcd7223a8143f1d9b6f69714e7be34fd50\okio-1.11.0.jar
java_class_path (initial): D:\Android\sdk\build-tools\22.0.0\lib\dx.jar
Launcher Type: SUN_STANDARD

Environment Variables:
JAVA_HOME=D:\Program Files (x86)\Java\jdk1.7.0_13
CLASSPATH=.;D:\Program Files (x86)\Java\jdk1.7.0_13\lib\tools.jar
PATH=C:\WINDOWS\system32;C:\WINDOWS;C:\WINDOWS\System32\Wbem;C:\WINDOWS\System32\WindowsPowerShell\v1.0\;D:\Program Files (x86)\Java\jdk1.7.0_13\bin;D:\Android\TortoiseSVN\bin;D:\Android\sdk\platform-tools
USERNAME=wangjie
OS=Windows_NT
PROCESSOR_IDENTIFIER=Intel64 Family 6 Model 60 Stepping 3, GenuineIntel



---------------  S Y S T E M  ---------------

OS: Windows 10.0 , 64 bit Build 10586 (10.0.10586.0)

CPU:total 4 (2 cores per cpu, 2 threads per core) family 6 model 60 stepping 3, cmov, cx8, fxsr, mmx, sse, sse2, sse3, ssse3, sse4.1, sse4.2, popcnt, avx, avx2, aes, clmul, erms, lzcnt, ht, tsc, tscinvbit, bmi1, bmi2

Memory: 4k page, physical 8302956k(534552k free), swap 14795060k(5448k free)

vm_info: OpenJDK 64-Bit Server VM (25.76-b03) for windows-amd64 JRE (1.8.0_76-release-b03), built on Jun 29 2016 19:09:20 by "ralucas" with MS VC++ 10.0 (VS2010)

time: Thu Mar 23 14:06:18 2017
elapsed time: 4 seconds (0d 0h 0m 4s)

