#
# There is insufficient memory for the Java Runtime Environment to continue.
# Native memory allocation (malloc) failed to allocate 1048576 bytes for AllocateHeap
# Possible reasons:
#   The system is out of physical RAM or swap space
#   In 32 bit mode, the process size limit was hit
# Possible solutions:
#   Reduce memory load on the system
#   Increase physical memory or swap space
#   Check if swap backing store is full
#   Use 64 bit Java on a 64 bit OS
#   Decrease Java heap size (-Xmx/-Xms)
#   Decrease number of Java threads
#   Decrease Java thread stack sizes (-Xss)
#   Set larger code cache with -XX:ReservedCodeCacheSize=
# This output file may be truncated or incomplete.
#
#  Out of Memory Error (memory/allocation.inline.hpp:61), pid=12688, tid=0x0000000000002e58
#
# JRE version:  (8.0_76-b03) (build )
# Java VM: OpenJDK 64-Bit Server VM (25.76-b03 mixed mode windows-amd64 compressed oops)
# Failed to write core dump. Minidumps are not enabled by default on client versions of Windows
#

---------------  T H R E A D  ---------------

Current thread (0x0000000002460800):  JavaThread "Unknown thread" [_thread_in_vm, id=11864, stack(0x0000000002230000,0x0000000002330000)]

Stack: [0x0000000002230000,0x0000000002330000]
[error occurred during error reporting (printing stack bounds), id 0xc0000005]

Native frames: (J=compiled Java code, j=interpreted, Vv=VM code, C=native code)


---------------  P R O C E S S  ---------------

Java Threads: ( => current thread )

Other Threads:

=>0x0000000002460800 (exited) JavaThread "Unknown thread" [_thread_in_vm, id=11864, stack(0x0000000002230000,0x0000000002330000)]

VM state:not at safepoint (normal execution)

VM Mutex/Monitor currently owned by a thread: None

Heap:
 PSYoungGen      total 38400K, used 665K [0x00000000eab00000, 0x00000000ed580000, 0x0000000100000000)
  eden space 33280K, 2% used [0x00000000eab00000,0x00000000eaba6670,0x00000000ecb80000)
  from space 5120K, 0% used [0x00000000ed080000,0x00000000ed080000,0x00000000ed580000)
  to   space 5120K, 0% used [0x00000000ecb80000,0x00000000ecb80000,0x00000000ed080000)
 ParOldGen       total 87552K, used 0K [0x00000000c0000000, 0x00000000c5580000, 0x00000000eab00000)
  object space 87552K, 0% used [0x00000000c0000000,0x00000000c0000000,0x00000000c5580000)
 Metaspace       used 771K, capacity 4480K, committed 4480K, reserved 1056768K
  class space    used 73K, capacity 384K, committed 384K, reserved 1048576K

Card table byte_map: [0x0000000011920000,0x0000000011b30000] byte_map_base: 0x0000000011320000

Marking Bits: (ParMarkBitMap*) 0x0000000068559d00
 Begin Bits: [0x0000000012090000, 0x0000000013090000)
 End Bits:   [0x0000000013090000, 0x0000000014090000)

Polling page: 0x0000000000460000

CodeCache: size=245760Kb used=328Kb max_used=328Kb free=245431Kb
 bounds [0x0000000002560000, 0x00000000027d0000, 0x0000000011560000]
 total_blobs=57 nmethods=0 adapters=38
 compilation: enabled

Compilation events (0 events):
No events

GC Heap History (0 events):
No events

Deoptimization events (0 events):
No events

Internal exceptions (0 events):
No events

Events (10 events):
Event: 0.515 loading class java/lang/Short
Event: 0.515 loading class java/lang/Short done
Event: 0.515 loading class java/lang/Integer
Event: 0.515 loading class java/lang/Integer done
Event: 0.515 loading class java/lang/Long
Event: 0.515 loading class java/lang/Long done
Event: 0.516 loading class java/lang/NullPointerException
Event: 0.516 loading class java/lang/NullPointerException done
Event: 0.516 loading class java/lang/ArithmeticException
Event: 0.516 loading class java/lang/ArithmeticException done


Dynamic libraries:
0x00007ff7920a0000 - 0x00007ff7920d1000 	D:\Android\AndroidStudio\jre\bin\java.exe
0x00007ffbf7ff0000 - 0x00007ffbf81b1000 	C:\WINDOWS\SYSTEM32\ntdll.dll
0x00007ffbf6190000 - 0x00007ffbf623d000 	C:\WINDOWS\system32\KERNEL32.DLL
0x00007ffbf4700000 - 0x00007ffbf48e8000 	C:\WINDOWS\system32\KERNELBASE.dll
0x00007ffbf5d60000 - 0x00007ffbf5e07000 	C:\WINDOWS\system32\ADVAPI32.dll
0x00007ffbf5870000 - 0x00007ffbf590d000 	C:\WINDOWS\system32\msvcrt.dll
0x00007ffbf6240000 - 0x00007ffbf629b000 	C:\WINDOWS\system32\sechost.dll
0x00007ffbf6070000 - 0x00007ffbf618c000 	C:\WINDOWS\system32\RPCRT4.dll
0x00007ffbf66d0000 - 0x00007ffbf6826000 	C:\WINDOWS\system32\USER32.dll
0x00007ffbf53f0000 - 0x00007ffbf5576000 	C:\WINDOWS\system32\GDI32.dll
0x00007ffbf0280000 - 0x00007ffbf04f4000 	C:\WINDOWS\WinSxS\amd64_microsoft.windows.common-controls_6595b64144ccf1df_6.0.10586.0_none_8c15ae12515e1c22\COMCTL32.dll
0x00007ffbf5980000 - 0x00007ffbf5bfd000 	C:\WINDOWS\system32\combase.dll
0x00007ffbf52d0000 - 0x00007ffbf533a000 	C:\WINDOWS\system32\bcryptPrimitives.dll
0x00007ffbf5f20000 - 0x00007ffbf5f5b000 	C:\WINDOWS\system32\IMM32.DLL
0x0000000068bb0000 - 0x0000000068c82000 	D:\Android\AndroidStudio\jre\jre\bin\msvcr100.dll
0x0000000067da0000 - 0x00000000685d4000 	D:\Android\AndroidStudio\jre\jre\bin\server\jvm.dll
0x00007ffbf6830000 - 0x00007ffbf6838000 	C:\WINDOWS\system32\PSAPI.DLL
0x00007ffbe6490000 - 0x00007ffbe6499000 	C:\WINDOWS\SYSTEM32\WSOCK32.dll
0x00007ffbf7e30000 - 0x00007ffbf7e9b000 	C:\WINDOWS\system32\WS2_32.dll
0x00007ffbf24c0000 - 0x00007ffbf24e3000 	C:\WINDOWS\SYSTEM32\WINMM.dll
0x00007ffbf06a0000 - 0x00007ffbf06aa000 	C:\WINDOWS\SYSTEM32\VERSION.dll
0x00007ffbf2460000 - 0x00007ffbf248c000 	C:\WINDOWS\SYSTEM32\WINMMBASE.dll
0x00007ffbf48f0000 - 0x00007ffbf4933000 	C:\WINDOWS\system32\cfgmgr32.dll
0x00007ffbe6140000 - 0x00007ffbe614f000 	D:\Android\AndroidStudio\jre\jre\bin\verify.dll
0x00007ffbe4fc0000 - 0x00007ffbe4fe9000 	D:\Android\AndroidStudio\jre\jre\bin\java.dll
0x00007ffbe5710000 - 0x00007ffbe5726000 	D:\Android\AndroidStudio\jre\jre\bin\zip.dll

VM Arguments:
jvm_args: -Djava.awt.headless=true -Xmx1024M -Dfile.encoding=GBK -Duser.country=CN -Duser.language=zh -Duser.variant 
java_command: com.android.dx.command.Main --dex --force-jumbo --output E:\android\workspace\AndroidStudio\BaiMuCai\app\build\intermediates\pre-dexed\debug\glide-3.7.0_e1856a9e3ec39d1629a7663d9640ab1765d7a3be.jar C:\Users\wj\.gradle\caches\modules-2\files-2.1\com.github.bumptech.glide\glide\3.7.0\9e9eeaf9948ee4d6c3ab354e8dc14368f16994a4\glide-3.7.0.jar
java_class_path (initial): D:\Android\sdk\build-tools\22.0.0\lib\dx.jar
Launcher Type: SUN_STANDARD

Environment Variables:
JAVA_HOME=D:\Program Files (x86)\Java\jdk1.7.0_13
CLASSPATH=.;D:\Program Files (x86)\Java\jdk1.7.0_13\lib\tools.jar
PATH=C:\WINDOWS\system32;C:\WINDOWS;C:\WINDOWS\System32\Wbem;C:\WINDOWS\System32\WindowsPowerShell\v1.0\;D:\Program Files (x86)\Java\jdk1.7.0_13\bin;D:\Android\TortoiseSVN\bin;D:\Android\sdk\platform-tools
USERNAME=wangjie
OS=Windows_NT
PROCESSOR_IDENTIFIER=Intel64 Family 6 Model 60 Stepping 3, GenuineIntel



---------------  S Y S T E M  ---------------

OS: Windows 10.0 , 64 bit Build 10586 (10.0.10586.0)

CPU:total 4 (2 cores per cpu, 2 threads per core) family 6 model 60 stepping 3, cmov, cx8, fxsr, mmx, sse, sse2, sse3, ssse3, sse4.1, sse4.2, popcnt, avx, avx2, aes, clmul, erms, lzcnt, ht, tsc, tscinvbit, bmi1, bmi2

Memory: 4k page, physical 8302956k(925548k free), swap 14795060k(5888k free)

vm_info: OpenJDK 64-Bit Server VM (25.76-b03) for windows-amd64 JRE (1.8.0_76-release-b03), built on Jun 29 2016 19:09:20 by "ralucas" with MS VC++ 10.0 (VS2010)

time: Thu Mar 23 14:08:13 2017
elapsed time: 0 seconds (0d 0h 0m 0s)

